Performing C SOURCE FILE Test CMAKE_HAVE_LIBC_PTHREAD failed with the following output:
Change Dir: /home/sleepingmachine/RoboMaster2022_Code/Abyssal/Abyssal-CV@2022/cmake-build-debug/CMakeFiles/CMakeTmp

Run Build Command(s):/snap/clion/180/bin/ninja/linux/ninja cmTC_60153 && [1/2] Building C object CMakeFiles/cmTC_60153.dir/src.c.o
[2/2] Linking C executable cmTC_60153
FAILED: cmTC_60153 
: && /usr/bin/cc   CMakeFiles/cmTC_60153.dir/src.c.o -o cmTC_60153   && :
/usr/bin/ld: CMakeFiles/cmTC_60153.dir/src.c.o: in function `main':
src.c:(.text+0x2d): undefined reference to `pthread_create'
/usr/bin/ld: src.c:(.text+0x39): undefined reference to `pthread_detach'
/usr/bin/ld: src.c:(.text+0x45): undefined reference to `pthread_cancel'
/usr/bin/ld: src.c:(.text+0x56): undefined reference to `pthread_join'
collect2: 错误：ld 返回 1
ninja: build stopped: subcommand failed.


Source file was:
#include <pthread.h>

static void* test_func(void* data)
{
  return data;
}

int main(void)
{
  pthread_t thread;
  pthread_create(&thread, NULL, test_func, NULL);
  pthread_detach(thread);
  pthread_cancel(thread);
  pthread_join(thread, NULL);
  pthread_atfork(NULL, NULL, NULL);
  pthread_exit(NULL);

  return 0;
}

Determining if the function pthread_create exists in the pthreads failed with the following output:
Change Dir: /home/sleepingmachine/RoboMaster2022_Code/Abyssal/Abyssal-CV@2022/cmake-build-debug/CMakeFiles/CMakeTmp

Run Build Command(s):/snap/clion/180/bin/ninja/linux/ninja cmTC_b2229 && [1/2] Building C object CMakeFiles/cmTC_b2229.dir/CheckFunctionExists.c.o
[2/2] Linking C executable cmTC_b2229
FAILED: cmTC_b2229 
: && /usr/bin/cc -DCHECK_FUNCTION_EXISTS=pthread_create  CMakeFiles/cmTC_b2229.dir/CheckFunctionExists.c.o -o cmTC_b2229  -lpthreads && :
/usr/bin/ld: 找不到 -lpthreads
collect2: 错误：ld 返回 1
ninja: build stopped: subcommand failed.



